<?xml version="1.0" encoding="UTF-8"?>
<testng-results skipped="0" failed="0" total="1" passed="1">
  <reporter-output>
  </reporter-output>
  <suite name="Default suite" duration-ms="56" started-at="2015-05-13T11:52:49Z" finished-at="2015-05-13T11:52:49Z">
    <groups>
    </groups>
    <test name="Default test" duration-ms="56" started-at="2015-05-13T11:52:49Z" finished-at="2015-05-13T11:52:49Z">
      <class name="WebDriverProgramming.NewTest">
        <test-method status="PASS" signature="beforeSuite()[pri:0, instance:WebDriverProgramming.NewTest@158bea4]" name="beforeSuite" is-config="true" duration-ms="10" started-at="2015-05-13T17:22:49Z" finished-at="2015-05-13T17:22:49Z">
          <reporter-output>
          </reporter-output>
        </test-method> <!-- beforeSuite -->
        <test-method status="PASS" signature="beforeTest()[pri:0, instance:WebDriverProgramming.NewTest@158bea4]" name="beforeTest" is-config="true" duration-ms="0" started-at="2015-05-13T17:22:49Z" finished-at="2015-05-13T17:22:49Z">
          <reporter-output>
          </reporter-output>
        </test-method> <!-- beforeTest -->
        <test-method status="PASS" signature="f()[pri:0, instance:WebDriverProgramming.NewTest@158bea4]" name="f" duration-ms="25" started-at="2015-05-13T17:22:49Z" finished-at="2015-05-13T17:22:49Z">
          <reporter-output>
          </reporter-output>
        </test-method> <!-- f -->
        <test-method status="PASS" signature="afterTest()[pri:0, instance:WebDriverProgramming.NewTest@158bea4]" name="afterTest" is-config="true" duration-ms="0" started-at="2015-05-13T17:22:49Z" finished-at="2015-05-13T17:22:49Z">
          <reporter-output>
          </reporter-output>
        </test-method> <!-- afterTest -->
        <test-method status="PASS" signature="afterSuite()[pri:0, instance:WebDriverProgramming.NewTest@158bea4]" name="afterSuite" is-config="true" duration-ms="0" started-at="2015-05-13T17:22:50Z" finished-at="2015-05-13T17:22:50Z">
          <reporter-output>
          </reporter-output>
        </test-method> <!-- afterSuite -->
      </class> <!-- WebDriverProgramming.NewTest -->
    </test> <!-- Default test -->
  </suite> <!-- Default suite -->
</testng-results>
